c:\cpython-3.10.5\pcbuild\obj\310amd64_debug\_ctypes\vc143.pdb
c:\cpython-3.10.5\pcbuild\obj\310amd64_debug\_ctypes\stgdict.obj
c:\cpython-3.10.5\pcbuild\obj\310amd64_debug\_ctypes\malloc_closure.obj
c:\cpython-3.10.5\pcbuild\obj\310amd64_debug\_ctypes\cfield.obj
c:\cpython-3.10.5\pcbuild\obj\310amd64_debug\_ctypes\callproc.obj
c:\cpython-3.10.5\pcbuild\obj\310amd64_debug\_ctypes\callbacks.obj
c:\cpython-3.10.5\pcbuild\obj\310amd64_debug\_ctypes\_ctypes.obj
c:\cpython-3.10.5\pcbuild\amd64\_ctypes_d.ilk
c:\cpython-3.10.5\pcbuild\amd64\_ctypes_d.pyd
c:\cpython-3.10.5\pcbuild\amd64\_ctypes_d.pdb
c:\cpython-3.10.5\pcbuild\obj\310amd64_debug\_ctypes\python_nt.res
c:\cpython-3.10.5\pcbuild\amd64\_ctypes_d.lib
c:\cpython-3.10.5\pcbuild\amd64\_ctypes_d.exp
c:\cpython-3.10.5\pcbuild\obj\310amd64_debug\_ctypes\_ctypes.vcxproj.filelistabsolute.txt
c:\cpython-3.10.5\pcbuild\obj\310amd64_debug\_ctypes\_ctypes.tlog\cl.command.1.tlog
c:\cpython-3.10.5\pcbuild\obj\310amd64_debug\_ctypes\_ctypes.tlog\cl.read.1.tlog
c:\cpython-3.10.5\pcbuild\obj\310amd64_debug\_ctypes\_ctypes.tlog\cl.write.1.tlog
c:\cpython-3.10.5\pcbuild\obj\310amd64_debug\_ctypes\_ctypes.tlog\link.command.1.tlog
c:\cpython-3.10.5\pcbuild\obj\310amd64_debug\_ctypes\_ctypes.tlog\link.read.1.tlog
c:\cpython-3.10.5\pcbuild\obj\310amd64_debug\_ctypes\_ctypes.tlog\link.write.1.tlog
c:\cpython-3.10.5\pcbuild\obj\310amd64_debug\_ctypes\_ctypes.tlog\rc.command.1.tlog
c:\cpython-3.10.5\pcbuild\obj\310amd64_debug\_ctypes\_ctypes.tlog\rc.read.1.tlog
c:\cpython-3.10.5\pcbuild\obj\310amd64_debug\_ctypes\_ctypes.tlog\rc.write.1.tlog
c:\cpython-3.10.5\pcbuild\obj\310amd64_debug\_ctypes\_ctypes.tlog\_ctypes.write.1u.tlog
