c:\cpython-3.10.5\pcbuild\obj\310amd64_debug\pyexpat\vc143.pdb
c:\cpython-3.10.5\pcbuild\obj\310amd64_debug\pyexpat\xmltok.obj
c:\cpython-3.10.5\pcbuild\obj\310amd64_debug\pyexpat\xmlrole.obj
c:\cpython-3.10.5\pcbuild\obj\310amd64_debug\pyexpat\xmlparse.obj
c:\cpython-3.10.5\pcbuild\obj\310amd64_debug\pyexpat\pyexpat.obj
c:\cpython-3.10.5\pcbuild\amd64\pyexpat_d.ilk
c:\cpython-3.10.5\pcbuild\amd64\pyexpat_d.pyd
c:\cpython-3.10.5\pcbuild\amd64\pyexpat_d.pdb
c:\cpython-3.10.5\pcbuild\amd64\pyexpat_d.lib
c:\cpython-3.10.5\pcbuild\amd64\pyexpat_d.exp
c:\cpython-3.10.5\pcbuild\obj\310amd64_debug\pyexpat\python_nt.res
c:\cpython-3.10.5\pcbuild\obj\310amd64_debug\pyexpat\pyexpat.vcxproj.filelistabsolute.txt
c:\cpython-3.10.5\pcbuild\obj\310amd64_debug\pyexpat\pyexpat.tlog\cl.command.1.tlog
c:\cpython-3.10.5\pcbuild\obj\310amd64_debug\pyexpat\pyexpat.tlog\cl.read.1.tlog
c:\cpython-3.10.5\pcbuild\obj\310amd64_debug\pyexpat\pyexpat.tlog\cl.write.1.tlog
c:\cpython-3.10.5\pcbuild\obj\310amd64_debug\pyexpat\pyexpat.tlog\link.command.1.tlog
c:\cpython-3.10.5\pcbuild\obj\310amd64_debug\pyexpat\pyexpat.tlog\link.read.1.tlog
c:\cpython-3.10.5\pcbuild\obj\310amd64_debug\pyexpat\pyexpat.tlog\link.write.1.tlog
c:\cpython-3.10.5\pcbuild\obj\310amd64_debug\pyexpat\pyexpat.tlog\pyexpat.write.1u.tlog
c:\cpython-3.10.5\pcbuild\obj\310amd64_debug\pyexpat\pyexpat.tlog\rc.command.1.tlog
c:\cpython-3.10.5\pcbuild\obj\310amd64_debug\pyexpat\pyexpat.tlog\rc.read.1.tlog
c:\cpython-3.10.5\pcbuild\obj\310amd64_debug\pyexpat\pyexpat.tlog\rc.write.1.tlog
