c:\cpython-3.10.5\pcbuild\obj\310amd64_debug\_ssl\vc143.pdb
c:\cpython-3.10.5\pcbuild\obj\310amd64_debug\_ssl\_ssl.obj
c:\cpython-3.10.5\pcbuild\obj\310amd64_debug\_ssl\applink.obj
c:\cpython-3.10.5\pcbuild\amd64\_ssl_d.ilk
c:\cpython-3.10.5\pcbuild\amd64\_ssl_d.pyd
c:\cpython-3.10.5\pcbuild\amd64\_ssl_d.pdb
c:\cpython-3.10.5\pcbuild\obj\310amd64_debug\_ssl\python_nt.res
c:\cpython-3.10.5\pcbuild\amd64\_ssl_d.lib
c:\cpython-3.10.5\pcbuild\amd64\_ssl_d.exp
c:\cpython-3.10.5\pcbuild\obj\310amd64_debug\_ssl\_ssl.vcxproj.filelistabsolute.txt
c:\cpython-3.10.5\pcbuild\obj\310amd64_debug\_ssl\_ssl.tlog\cl.command.1.tlog
c:\cpython-3.10.5\pcbuild\obj\310amd64_debug\_ssl\_ssl.tlog\cl.read.1.tlog
c:\cpython-3.10.5\pcbuild\obj\310amd64_debug\_ssl\_ssl.tlog\cl.write.1.tlog
c:\cpython-3.10.5\pcbuild\obj\310amd64_debug\_ssl\_ssl.tlog\link.command.1.tlog
c:\cpython-3.10.5\pcbuild\obj\310amd64_debug\_ssl\_ssl.tlog\link.read.1.tlog
c:\cpython-3.10.5\pcbuild\obj\310amd64_debug\_ssl\_ssl.tlog\link.write.1.tlog
c:\cpython-3.10.5\pcbuild\obj\310amd64_debug\_ssl\_ssl.tlog\rc.command.1.tlog
c:\cpython-3.10.5\pcbuild\obj\310amd64_debug\_ssl\_ssl.tlog\rc.read.1.tlog
c:\cpython-3.10.5\pcbuild\obj\310amd64_debug\_ssl\_ssl.tlog\rc.write.1.tlog
c:\cpython-3.10.5\pcbuild\obj\310amd64_debug\_ssl\_ssl.tlog\_ssl.write.1u.tlog
