  Performing Custom Build Tools
   Assembling: C:\cpython-3.10.5\Modules\_decimal\libmpdec\vcdiv64.asm
  _decimal.c
  basearith.c
  constants.c
  context.c
  convolute.c
  crt.c
  difradix2.c
  fnt.c
  fourstep.c
  io.c
  mpalloc.c
  mpdecimal.c
  numbertheory.c
  sixstep.c
  transpose.c
     Creating library C:\cpython-3.10.5\PCbuild\amd64\instrumented\_decimal.lib and object C:\cpython-3.10.5\PCbuild\amd64\instrumented\_decimal.exp
  Generating code
  Finished generating code
  _decimal.vcxproj -> C:\cpython-3.10.5\PCbuild\amd64\instrumented\_decimal.pyd
