c:\cpython-3.10.5\pcbuild\obj\310amd64_debug\_elementtree\vc143.pdb
c:\cpython-3.10.5\pcbuild\obj\310amd64_debug\_elementtree\xmltok.obj
c:\cpython-3.10.5\pcbuild\obj\310amd64_debug\_elementtree\xmlrole.obj
c:\cpython-3.10.5\pcbuild\obj\310amd64_debug\_elementtree\xmlparse.obj
c:\cpython-3.10.5\pcbuild\obj\310amd64_debug\_elementtree\_elementtree.obj
c:\cpython-3.10.5\pcbuild\amd64\_elementtree_d.ilk
c:\cpython-3.10.5\pcbuild\amd64\_elementtree_d.pyd
c:\cpython-3.10.5\pcbuild\amd64\_elementtree_d.pdb
c:\cpython-3.10.5\pcbuild\obj\310amd64_debug\_elementtree\python_nt.res
c:\cpython-3.10.5\pcbuild\amd64\_elementtree_d.lib
c:\cpython-3.10.5\pcbuild\amd64\_elementtree_d.exp
c:\cpython-3.10.5\pcbuild\obj\310amd64_debug\_elementtree\_elementtree.vcxproj.filelistabsolute.txt
c:\cpython-3.10.5\pcbuild\obj\310amd64_debug\_elementtree\_elementtree.tlog\cl.command.1.tlog
c:\cpython-3.10.5\pcbuild\obj\310amd64_debug\_elementtree\_elementtree.tlog\cl.read.1.tlog
c:\cpython-3.10.5\pcbuild\obj\310amd64_debug\_elementtree\_elementtree.tlog\cl.write.1.tlog
c:\cpython-3.10.5\pcbuild\obj\310amd64_debug\_elementtree\_elementtree.tlog\link.command.1.tlog
c:\cpython-3.10.5\pcbuild\obj\310amd64_debug\_elementtree\_elementtree.tlog\link.read.1.tlog
c:\cpython-3.10.5\pcbuild\obj\310amd64_debug\_elementtree\_elementtree.tlog\link.write.1.tlog
c:\cpython-3.10.5\pcbuild\obj\310amd64_debug\_elementtree\_elementtree.tlog\rc.command.1.tlog
c:\cpython-3.10.5\pcbuild\obj\310amd64_debug\_elementtree\_elementtree.tlog\rc.read.1.tlog
c:\cpython-3.10.5\pcbuild\obj\310amd64_debug\_elementtree\_elementtree.tlog\rc.write.1.tlog
c:\cpython-3.10.5\pcbuild\obj\310amd64_debug\_elementtree\_elementtree.tlog\_elementtree.write.1u.tlog
